[3J[H[2J 
Android Image Kitchen - RepackImg Script
by osm0sis @ xda-developers
 
Packing ramdisk (as root)...
 
Using compression: gzip
 
Getting build information...
kernel = boot.img-zImage
cmdline = console=ttyMSM0,115200n8 earlycon=msm_geni_serial,0xA84000 androidboot.hardware=qcom androidboot.console=ttyMSM0 video=vfb:640x400,bpp=32,memsize=3072000 msm_rtb.filter=0x237 ehci-hcd.park=3 lpm_levels.sleep_disabled=1 service_locator.enable=1 swiotlb=2048 androidboot.configfs=true androidboot.usbcontroller=a600000.dwc3 buildvariant=user
board = 
base = 00000000
pagesize = 4096
kernel_offset = 00008000
ramdisk_offset = 01000000
second_offset = 00f00000
tags_offset = 00000100
os_version = 8.1.0
os_patch_level = 2018-08
hash = sha1
 
Building image...
 
Using format: AOSP
 
Signing new image...
 
Using signature: AVB boot
 
Done!
